TN:
SF:js\admin_dashboard.js
FN:1,(anonymous_0)
FN:26,escapeHtml
FN:27,(anonymous_2)
FN:30,statusClass
FN:37,formatLabel
FN:42,toInputDate
FN:47,renderKeyValue
FN:54,(anonymous_7)
FN:62,renderTurnos
FN:68,(anonymous_9)
FN:80,resumenSolicitud
FN:86,renderSolicitudes
FN:92,(anonymous_12)
FN:108,renderSolicitudDetalle
FN:127,renderDetalleTurno
FN:146,cargarDetalleTurno
FN:160,cargarPanel
FN:216,(anonymous_17)
FN:222,(anonymous_18)
FN:230,(anonymous_19)
FN:249,(anonymous_20)
FNF:21
FNH:0
FNDA:0,(anonymous_0)
FNDA:0,escapeHtml
FNDA:0,(anonymous_2)
FNDA:0,statusClass
FNDA:0,formatLabel
FNDA:0,toInputDate
FNDA:0,renderKeyValue
FNDA:0,(anonymous_7)
FNDA:0,renderTurnos
FNDA:0,(anonymous_9)
FNDA:0,resumenSolicitud
FNDA:0,renderSolicitudes
FNDA:0,(anonymous_12)
FNDA:0,renderSolicitudDetalle
FNDA:0,renderDetalleTurno
FNDA:0,cargarDetalleTurno
FNDA:0,cargarPanel
FNDA:0,(anonymous_17)
FNDA:0,(anonymous_18)
FNDA:0,(anonymous_19)
FNDA:0,(anonymous_20)
DA:1,0
DA:2,0
DA:4,0
DA:5,0
DA:6,0
DA:7,0
DA:8,0
DA:9,0
DA:10,0
DA:11,0
DA:12,0
DA:13,0
DA:14,0
DA:15,0
DA:16,0
DA:17,0
DA:18,0
DA:19,0
DA:20,0
DA:21,0
DA:22,0
DA:24,0
DA:27,0
DA:31,0
DA:32,0
DA:33,0
DA:34,0
DA:38,0
DA:39,0
DA:43,0
DA:44,0
DA:48,0
DA:49,0
DA:50,0
DA:51,0
DA:54,0
DA:63,0
DA:64,0
DA:65,0
DA:68,0
DA:81,0
DA:82,0
DA:83,0
DA:87,0
DA:88,0
DA:89,0
DA:92,0
DA:109,0
DA:128,0
DA:147,0
DA:148,0
DA:149,0
DA:150,0
DA:151,0
DA:153,0
DA:155,0
DA:156,0
DA:161,0
DA:162,0
DA:163,0
DA:168,0
DA:169,0
DA:172,0
DA:173,0
DA:174,0
DA:175,0
DA:176,0
DA:177,0
DA:178,0
DA:179,0
DA:184,0
DA:186,0
DA:187,0
DA:188,0
DA:189,0
DA:190,0
DA:192,0
DA:193,0
DA:194,0
DA:195,0
DA:201,0
DA:202,0
DA:203,0
DA:205,0
DA:208,0
DA:209,0
DA:210,0
DA:212,0
DA:216,0
DA:217,0
DA:218,0
DA:219,0
DA:222,0
DA:223,0
DA:224,0
DA:225,0
DA:226,0
DA:227,0
DA:230,0
DA:231,0
DA:232,0
DA:234,0
DA:235,0
DA:236,0
DA:237,0
DA:238,0
DA:240,0
DA:241,0
DA:242,0
DA:244,0
DA:245,0
DA:249,0
DA:250,0
DA:251,0
DA:252,0
DA:259,0
DA:260,0
DA:261,0
DA:264,0
DA:267,0
DA:268,0
DA:270,0
DA:271,0
DA:275,0
LF:124
LH:0
BRDA:2,0,0,0
BRDA:2,0,1,0
BRDA:27,1,0,0
BRDA:27,1,1,0
BRDA:27,2,0,0
BRDA:27,2,1,0
BRDA:31,3,0,0
BRDA:31,3,1,0
BRDA:32,4,0,0
BRDA:32,4,1,0
BRDA:32,5,0,0
BRDA:32,5,1,0
BRDA:32,5,2,0
BRDA:33,6,0,0
BRDA:33,6,1,0
BRDA:38,7,0,0
BRDA:38,7,1,0
BRDA:43,8,0,0
BRDA:43,8,1,0
BRDA:48,9,0,0
BRDA:48,9,1,0
BRDA:49,10,0,0
BRDA:49,10,1,0
BRDA:63,11,0,0
BRDA:63,11,1,0
BRDA:73,12,0,0
BRDA:73,12,1,0
BRDA:81,13,0,0
BRDA:81,13,1,0
BRDA:81,14,0,0
BRDA:81,14,1,0
BRDA:82,15,0,0
BRDA:82,15,1,0
BRDA:82,16,0,0
BRDA:82,16,1,0
BRDA:87,17,0,0
BRDA:87,17,1,0
BRDA:96,18,0,0
BRDA:96,18,1,0
BRDA:112,19,0,0
BRDA:112,19,1,0
BRDA:113,20,0,0
BRDA:113,20,1,0
BRDA:114,21,0,0
BRDA:114,21,1,0
BRDA:115,22,0,0
BRDA:115,22,1,0
BRDA:120,23,0,0
BRDA:120,23,1,0
BRDA:122,24,0,0
BRDA:122,24,1,0
BRDA:131,25,0,0
BRDA:131,25,1,0
BRDA:131,25,2,0
BRDA:133,26,0,0
BRDA:133,26,1,0
BRDA:134,27,0,0
BRDA:134,27,1,0
BRDA:135,28,0,0
BRDA:135,28,1,0
BRDA:149,29,0,0
BRDA:149,29,1,0
BRDA:149,30,0,0
BRDA:149,30,1,0
BRDA:162,31,0,0
BRDA:162,31,1,0
BRDA:168,32,0,0
BRDA:168,32,1,0
BRDA:169,33,0,0
BRDA:169,33,1,0
BRDA:172,34,0,0
BRDA:172,34,1,0
BRDA:173,35,0,0
BRDA:173,35,1,0
BRDA:174,36,0,0
BRDA:174,36,1,0
BRDA:175,37,0,0
BRDA:175,37,1,0
BRDA:176,38,0,0
BRDA:176,38,1,0
BRDA:177,39,0,0
BRDA:177,39,1,0
BRDA:178,40,0,0
BRDA:178,40,1,0
BRDA:180,41,0,0
BRDA:180,41,1,0
BRDA:181,42,0,0
BRDA:181,42,1,0
BRDA:182,43,0,0
BRDA:182,43,1,0
BRDA:184,44,0,0
BRDA:184,44,1,0
BRDA:186,45,0,0
BRDA:186,45,1,0
BRDA:192,46,0,0
BRDA:192,46,1,0
BRDA:193,47,0,0
BRDA:193,47,1,0
BRDA:194,48,0,0
BRDA:194,48,1,0
BRDA:195,49,0,0
BRDA:195,49,1,0
BRDA:197,50,0,0
BRDA:197,50,1,0
BRDA:201,51,0,0
BRDA:201,51,1,0
BRDA:202,52,0,0
BRDA:202,52,1,0
BRDA:212,53,0,0
BRDA:212,53,1,0
BRDA:218,54,0,0
BRDA:218,54,1,0
BRDA:224,55,0,0
BRDA:224,55,1,0
BRDA:225,56,0,0
BRDA:225,56,1,0
BRDA:227,57,0,0
BRDA:227,57,1,0
BRDA:232,58,0,0
BRDA:232,58,1,0
BRDA:236,59,0,0
BRDA:236,59,1,0
BRDA:237,60,0,0
BRDA:237,60,1,0
BRDA:237,61,0,0
BRDA:237,61,1,0
BRDA:240,62,0,0
BRDA:240,62,1,0
BRDA:240,63,0,0
BRDA:240,63,1,0
BRDA:245,64,0,0
BRDA:245,64,1,0
BRDA:259,65,0,0
BRDA:259,65,1,0
BRDA:260,66,0,0
BRDA:260,66,1,0
BRDA:260,67,0,0
BRDA:260,67,1,0
BRDA:264,68,0,0
BRDA:264,68,1,0
BRDA:267,69,0,0
BRDA:267,69,1,0
BRDA:267,70,0,0
BRDA:267,70,1,0
BRDA:271,71,0,0
BRDA:271,71,1,0
BRF:146
BRH:0
end_of_record
TN:
SF:js\api.js
FN:1,normalizeBase
FN:12,buildApiCandidates
FN:23,getUsuarioStorage
FN:36,getToken
FN:40,parseResponse
FN:54,request
FN:105,loginUsuario
FN:115,listarMaterias
FN:119,matricularMateria
FN:132,cancelarMateria
FN:145,crearSolicitud
FN:148,(anonymous_11)
FN:163,listarSolicitudes
FN:167,obtenerOpcionesSolicitud
FN:171,obtenerMisMaterias
FN:175,obtenerPerfilUsuario
FN:179,crearTurno
FN:182,(anonymous_17)
FN:197,listarTurnos
FN:201,obtenerDetalleTurno
FN:205,obtenerResumenAdmin
FN:209,actualizarEstadoTurno
FN:223,obtenerSolicitudesAdmin
FN:227,obtenerConfiguracionAcademica
FN:231,actualizarConfiguracionAcademica
FN:234,(anonymous_25)
FNF:26
FNH:0
FNDA:0,normalizeBase
FNDA:0,buildApiCandidates
FNDA:0,getUsuarioStorage
FNDA:0,getToken
FNDA:0,parseResponse
FNDA:0,request
FNDA:0,loginUsuario
FNDA:0,listarMaterias
FNDA:0,matricularMateria
FNDA:0,cancelarMateria
FNDA:0,crearSolicitud
FNDA:0,(anonymous_11)
FNDA:0,listarSolicitudes
FNDA:0,obtenerOpcionesSolicitud
FNDA:0,obtenerMisMaterias
FNDA:0,obtenerPerfilUsuario
FNDA:0,crearTurno
FNDA:0,(anonymous_17)
FNDA:0,listarTurnos
FNDA:0,obtenerDetalleTurno
FNDA:0,obtenerResumenAdmin
FNDA:0,actualizarEstadoTurno
FNDA:0,obtenerSolicitudesAdmin
FNDA:0,obtenerConfiguracionAcademica
FNDA:0,actualizarConfiguracionAcademica
FNDA:0,(anonymous_25)
DA:2,0
DA:4,0
DA:7,0
DA:9,0
DA:13,0
DA:20,0
DA:24,0
DA:25,0
DA:31,0
DA:32,0
DA:37,0
DA:41,0
DA:43,0
DA:44,0
DA:47,0
DA:48,0
DA:50,0
DA:55,0
DA:56,0
DA:58,0
DA:60,0
DA:61,0
DA:62,0
DA:67,0
DA:69,0
DA:70,0
DA:73,0
DA:78,0
DA:80,0
DA:81,0
DA:84,0
DA:85,0
DA:88,0
DA:89,0
DA:92,0
DA:93,0
DA:96,0
DA:97,0
DA:101,0
DA:102,0
DA:106,0
DA:116,0
DA:120,0
DA:121,0
DA:123,0
DA:133,0
DA:134,0
DA:136,0
DA:146,0
DA:148,0
DA:149,0
DA:150,0
DA:154,0
DA:164,0
DA:168,0
DA:172,0
DA:176,0
DA:180,0
DA:182,0
DA:183,0
DA:184,0
DA:188,0
DA:198,0
DA:202,0
DA:206,0
DA:210,0
DA:211,0
DA:212,0
DA:214,0
DA:224,0
DA:228,0
DA:232,0
DA:234,0
DA:235,0
DA:236,0
DA:240,0
LF:76
LH:0
BRDA:2,0,0,0
BRDA:2,0,1,0
BRDA:2,1,0,0
BRDA:2,1,1,0
BRDA:9,2,0,0
BRDA:9,2,1,0
BRDA:26,3,0,0
BRDA:26,3,1,0
BRDA:26,3,2,0
BRDA:37,4,0,0
BRDA:37,4,1,0
BRDA:43,5,0,0
BRDA:43,5,1,0
BRDA:54,6,0,0
BRDA:64,7,0,0
BRDA:64,7,1,0
BRDA:69,8,0,0
BRDA:69,8,1,0
BRDA:80,9,0,0
BRDA:80,9,1,0
BRDA:84,10,0,0
BRDA:84,10,1,0
BRDA:85,11,0,0
BRDA:85,11,1,0
BRDA:85,11,2,0
BRDA:88,12,0,0
BRDA:88,12,1,0
BRDA:88,13,0,0
BRDA:88,13,1,0
BRDA:102,14,0,0
BRDA:102,14,1,0
BRDA:148,15,0,0
BRDA:148,15,1,0
BRDA:149,16,0,0
BRDA:149,16,1,0
BRDA:149,17,0,0
BRDA:149,17,1,0
BRDA:149,17,2,0
BRDA:182,18,0,0
BRDA:182,18,1,0
BRDA:183,19,0,0
BRDA:183,19,1,0
BRDA:183,20,0,0
BRDA:183,20,1,0
BRDA:183,20,2,0
BRDA:234,21,0,0
BRDA:234,21,1,0
BRDA:235,22,0,0
BRDA:235,22,1,0
BRDA:235,23,0,0
BRDA:235,23,1,0
BRF:51
BRH:0
end_of_record
TN:
SF:js\app-init.js
FN:1,(anonymous_0)
FN:2,enforceRoleAccess
FN:21,init
FNF:3
FNH:0
FNDA:0,(anonymous_0)
FNDA:0,enforceRoleAccess
FNDA:0,init
DA:1,0
DA:3,0
DA:4,0
DA:6,0
DA:8,0
DA:9,0
DA:10,0
DA:13,0
DA:14,0
DA:15,0
DA:18,0
DA:22,0
DA:23,0
DA:24,0
DA:25,0
DA:27,0
DA:28,0
DA:31,0
DA:32,0
DA:33,0
DA:35,0
DA:36,0
DA:37,0
DA:41,0
DA:42,0
DA:45,0
DA:46,0
DA:49,0
DA:50,0
DA:54,0
DA:55,0
DA:57,0
LF:32
LH:0
BRDA:3,0,0,0
BRDA:3,0,1,0
BRDA:4,1,0,0
BRDA:4,1,1,0
BRDA:6,2,0,0
BRDA:6,2,1,0
BRDA:8,3,0,0
BRDA:8,3,1,0
BRDA:8,4,0,0
BRDA:8,4,1,0
BRDA:13,5,0,0
BRDA:13,5,1,0
BRDA:13,6,0,0
BRDA:13,6,1,0
BRDA:24,7,0,0
BRDA:24,7,1,0
BRDA:25,8,0,0
BRDA:25,8,1,0
BRDA:27,9,0,0
BRDA:27,9,1,0
BRDA:27,10,0,0
BRDA:27,10,1,0
BRDA:27,10,2,0
BRDA:31,11,0,0
BRDA:31,11,1,0
BRDA:31,12,0,0
BRDA:31,12,1,0
BRDA:41,13,0,0
BRDA:41,13,1,0
BRDA:41,14,0,0
BRDA:41,14,1,0
BRDA:45,15,0,0
BRDA:45,15,1,0
BRDA:45,16,0,0
BRDA:45,16,1,0
BRDA:49,17,0,0
BRDA:49,17,1,0
BRDA:49,18,0,0
BRDA:49,18,1,0
BRDA:54,19,0,0
BRDA:54,19,1,0
BRF:41
BRH:0
end_of_record
TN:
SF:js\app-shell.js
FN:1,(anonymous_0)
FN:2,initials
FN:3,(anonymous_2)
FN:6,getUsuario
FN:17,isAdminRole
FN:21,escapeHtml
FN:22,(anonymous_6)
FN:31,normalizeBase
FN:36,getApiCandidates
FN:43,requestHeaderApi
FN:73,navItems
FN:80,(anonymous_11)
FN:91,(anonymous_12)
FN:94,shellTemplate
FN:100,(anonymous_14)
FN:214,footerTemplate
FN:231,closeMenus
FN:235,(anonymous_17)
FN:236,(anonymous_18)
FN:239,bindShellInteractions
FN:240,(anonymous_20)
FN:241,(anonymous_21)
FN:249,(anonymous_22)
FN:254,(anonymous_23)
FN:255,(anonymous_24)
FN:268,toggleMenu
FN:278,(anonymous_26)
FN:285,(anonymous_27)
FN:291,(anonymous_28)
FN:293,(anonymous_29)
FN:296,(anonymous_30)
FN:300,(anonymous_31)
FN:306,(anonymous_32)
FN:311,renderHeaderNotifications
FN:324,(anonymous_34)
FN:335,buildNotificationsFromAdmin
FN:357,buildNotificationsFromStudent
FN:361,(anonymous_37)
FN:362,(anonymous_38)
FN:385,hydrateHeaderData
FN:411,renderAppShell
FNF:41
FNH:0
FNDA:0,(anonymous_0)
FNDA:0,initials
FNDA:0,(anonymous_2)
FNDA:0,getUsuario
FNDA:0,isAdminRole
FNDA:0,escapeHtml
FNDA:0,(anonymous_6)
FNDA:0,normalizeBase
FNDA:0,getApiCandidates
FNDA:0,requestHeaderApi
FNDA:0,navItems
FNDA:0,(anonymous_11)
FNDA:0,(anonymous_12)
FNDA:0,shellTemplate
FNDA:0,(anonymous_14)
FNDA:0,footerTemplate
FNDA:0,closeMenus
FNDA:0,(anonymous_17)
FNDA:0,(anonymous_18)
FNDA:0,bindShellInteractions
FNDA:0,(anonymous_20)
FNDA:0,(anonymous_21)
FNDA:0,(anonymous_22)
FNDA:0,(anonymous_23)
FNDA:0,(anonymous_24)
FNDA:0,toggleMenu
FNDA:0,(anonymous_26)
FNDA:0,(anonymous_27)
FNDA:0,(anonymous_28)
FNDA:0,(anonymous_29)
FNDA:0,(anonymous_30)
FNDA:0,(anonymous_31)
FNDA:0,(anonymous_32)
FNDA:0,renderHeaderNotifications
FNDA:0,(anonymous_34)
FNDA:0,buildNotificationsFromAdmin
FNDA:0,buildNotificationsFromStudent
FNDA:0,(anonymous_37)
FNDA:0,(anonymous_38)
FNDA:0,hydrateHeaderData
FNDA:0,renderAppShell
DA:1,0
DA:3,0
DA:7,0
DA:8,0
DA:14,0
DA:18,0
DA:22,0
DA:32,0
DA:33,0
DA:37,0
DA:39,0
DA:40,0
DA:44,0
DA:45,0
DA:47,0
DA:48,0
DA:49,0
DA:56,0
DA:57,0
DA:59,0
DA:60,0
DA:63,0
DA:64,0
DA:66,0
DA:70,0
DA:74,0
DA:75,0
DA:77,0
DA:78,0
DA:80,0
DA:83,0
DA:91,0
DA:95,0
DA:96,0
DA:97,0
DA:98,0
DA:99,0
DA:100,0
DA:107,0
DA:215,0
DA:232,0
DA:233,0
DA:234,0
DA:235,0
DA:236,0
DA:240,0
DA:241,0
DA:242,0
DA:246,0
DA:247,0
DA:248,0
DA:249,0
DA:250,0
DA:251,0
DA:254,0
DA:255,0
DA:256,0
DA:257,0
DA:262,0
DA:263,0
DA:264,0
DA:265,0
DA:266,0
DA:269,0
DA:270,0
DA:271,0
DA:272,0
DA:273,0
DA:274,0
DA:277,0
DA:278,0
DA:279,0
DA:280,0
DA:284,0
DA:285,0
DA:286,0
DA:287,0
DA:291,0
DA:292,0
DA:293,0
DA:296,0
DA:297,0
DA:298,0
DA:299,0
DA:300,0
DA:301,0
DA:302,0
DA:306,0
DA:307,0
DA:312,0
DA:313,0
DA:314,0
DA:315,0
DA:316,0
DA:318,0
DA:319,0
DA:320,0
DA:321,0
DA:322,0
DA:324,0
DA:336,0
DA:337,0
DA:338,0
DA:339,0
DA:341,0
DA:342,0
DA:344,0
DA:345,0
DA:347,0
DA:348,0
DA:350,0
DA:358,0
DA:359,0
DA:360,0
DA:361,0
DA:362,0
DA:363,0
DA:365,0
DA:366,0
DA:368,0
DA:369,0
DA:371,0
DA:372,0
DA:374,0
DA:375,0
DA:378,0
DA:386,0
DA:387,0
DA:389,0
DA:390,0
DA:391,0
DA:392,0
DA:393,0
DA:396,0
DA:401,0
DA:403,0
DA:411,0
DA:412,0
DA:413,0
DA:414,0
DA:415,0
DA:416,0
DA:417,0
LF:143
LH:0
BRDA:3,0,0,0
BRDA:3,0,1,0
BRDA:3,1,0,0
BRDA:3,1,1,0
BRDA:3,2,0,0
BRDA:3,2,1,0
BRDA:9,3,0,0
BRDA:9,3,1,0
BRDA:9,3,2,0
BRDA:18,4,0,0
BRDA:18,4,1,0
BRDA:22,5,0,0
BRDA:22,5,1,0
BRDA:22,6,0,0
BRDA:22,6,1,0
BRDA:32,7,0,0
BRDA:32,7,1,0
BRDA:32,8,0,0
BRDA:32,8,1,0
BRDA:33,9,0,0
BRDA:33,9,1,0
BRDA:44,10,0,0
BRDA:44,10,1,0
BRDA:52,11,0,0
BRDA:52,11,1,0
BRDA:57,12,0,0
BRDA:57,12,1,0
BRDA:59,13,0,0
BRDA:59,13,1,0
BRDA:70,14,0,0
BRDA:70,14,1,0
BRDA:77,15,0,0
BRDA:77,15,1,0
BRDA:96,16,0,0
BRDA:96,16,1,0
BRDA:97,17,0,0
BRDA:97,17,1,0
BRDA:99,18,0,0
BRDA:99,18,1,0
BRDA:101,19,0,0
BRDA:101,19,1,0
BRDA:101,20,0,0
BRDA:101,20,1,0
BRDA:112,21,0,0
BRDA:112,21,1,0
BRDA:113,22,0,0
BRDA:113,22,1,0
BRDA:123,23,0,0
BRDA:123,23,1,0
BRDA:125,24,0,0
BRDA:125,24,1,0
BRDA:146,25,0,0
BRDA:146,25,1,0
BRDA:170,26,0,0
BRDA:170,26,1,0
BRDA:206,27,0,0
BRDA:206,27,1,0
BRDA:234,28,0,0
BRDA:234,28,1,0
BRDA:242,29,0,0
BRDA:242,29,1,0
BRDA:248,30,0,0
BRDA:248,30,1,0
BRDA:248,31,0,0
BRDA:248,31,1,0
BRDA:269,32,0,0
BRDA:269,32,1,0
BRDA:269,33,0,0
BRDA:269,33,1,0
BRDA:271,34,0,0
BRDA:271,34,1,0
BRDA:272,35,0,0
BRDA:272,35,1,0
BRDA:277,36,0,0
BRDA:277,36,1,0
BRDA:277,37,0,0
BRDA:277,37,1,0
BRDA:284,38,0,0
BRDA:284,38,1,0
BRDA:284,39,0,0
BRDA:284,39,1,0
BRDA:292,40,0,0
BRDA:292,40,1,0
BRDA:298,41,0,0
BRDA:298,41,1,0
BRDA:299,42,0,0
BRDA:299,42,1,0
BRDA:299,43,0,0
BRDA:299,43,1,0
BRDA:301,44,0,0
BRDA:301,44,1,0
BRDA:302,45,0,0
BRDA:302,45,1,0
BRDA:307,46,0,0
BRDA:307,46,1,0
BRDA:316,47,0,0
BRDA:316,47,1,0
BRDA:316,48,0,0
BRDA:316,48,1,0
BRDA:316,48,2,0
BRDA:316,48,3,0
BRDA:318,49,0,0
BRDA:318,49,1,0
BRDA:322,50,0,0
BRDA:322,50,1,0
BRDA:324,51,0,0
BRDA:324,51,1,0
BRDA:325,52,0,0
BRDA:325,52,1,0
BRDA:325,53,0,0
BRDA:325,53,1,0
BRDA:328,54,0,0
BRDA:328,54,1,0
BRDA:329,55,0,0
BRDA:329,55,1,0
BRDA:336,56,0,0
BRDA:336,56,1,0
BRDA:337,57,0,0
BRDA:337,57,1,0
BRDA:338,58,0,0
BRDA:338,58,1,0
BRDA:341,59,0,0
BRDA:341,59,1,0
BRDA:344,60,0,0
BRDA:344,60,1,0
BRDA:347,61,0,0
BRDA:347,61,1,0
BRDA:348,62,0,0
BRDA:348,62,1,0
BRDA:358,63,0,0
BRDA:358,63,1,0
BRDA:359,64,0,0
BRDA:359,64,1,0
BRDA:360,65,0,0
BRDA:360,65,1,0
BRDA:361,66,0,0
BRDA:361,66,1,0
BRDA:362,67,0,0
BRDA:362,67,1,0
BRDA:365,68,0,0
BRDA:365,68,1,0
BRDA:368,69,0,0
BRDA:368,69,1,0
BRDA:371,70,0,0
BRDA:371,70,1,0
BRDA:374,71,0,0
BRDA:374,71,1,0
BRDA:390,72,0,0
BRDA:390,72,1,0
BRDA:392,73,0,0
BRDA:392,73,1,0
BRDA:406,74,0,0
BRDA:406,74,1,0
BRDA:414,75,0,0
BRDA:414,75,1,0
BRDA:415,76,0,0
BRDA:415,76,1,0
BRF:157
BRH:0
end_of_record
TN:
SF:js\app-ui.js
FN:1,(anonymous_0)
FN:7,ensureToastContainer
FN:17,ensureModalHost
FN:25,ensureLoaderHost
FN:43,showGlobalLoader
FN:53,hideGlobalLoader
FN:59,withGlobalLoader
FN:68,showToast
FN:82,(anonymous_8)
FN:86,(anonymous_9)
FN:91,(anonymous_10)
FN:95,confirmAction
FN:117,(anonymous_12)
FN:118,close
FN:124,(anonymous_14)
FN:125,(anonymous_15)
FN:126,(anonymous_16)
FNF:17
FNH:0
FNDA:0,(anonymous_0)
FNDA:0,ensureToastContainer
FNDA:0,ensureModalHost
FNDA:0,ensureLoaderHost
FNDA:0,showGlobalLoader
FNDA:0,hideGlobalLoader
FNDA:0,withGlobalLoader
FNDA:0,showToast
FNDA:0,(anonymous_8)
FNDA:0,(anonymous_9)
FNDA:0,(anonymous_10)
FNDA:0,confirmAction
FNDA:0,(anonymous_12)
FNDA:0,close
FNDA:0,(anonymous_14)
FNDA:0,(anonymous_15)
FNDA:0,(anonymous_16)
DA:1,0
DA:5,0
DA:8,0
DA:9,0
DA:10,0
DA:11,0
DA:12,0
DA:13,0
DA:14,0
DA:18,0
DA:19,0
DA:20,0
DA:21,0
DA:22,0
DA:26,0
DA:27,0
DA:28,0
DA:29,0
DA:30,0
DA:39,0
DA:40,0
DA:43,0
DA:44,0
DA:45,0
DA:46,0
DA:47,0
DA:48,0
DA:49,0
DA:50,0
DA:53,0
DA:54,0
DA:55,0
DA:56,0
DA:59,0
DA:60,0
DA:61,0
DA:62,0
DA:64,0
DA:68,0
DA:69,0
DA:70,0
DA:71,0
DA:72,0
DA:73,0
DA:81,0
DA:82,0
DA:83,0
DA:84,0
DA:85,0
DA:86,0
DA:89,0
DA:90,0
DA:91,0
DA:92,0
DA:95,0
DA:102,0
DA:103,0
DA:115,0
DA:117,0
DA:119,0
DA:120,0
DA:121,0
DA:124,0
DA:125,0
DA:126,0
LF:65
LH:0
BRDA:8,0,0,0
BRDA:8,0,1,0
BRDA:18,1,0,0
BRDA:18,1,1,0
BRDA:26,2,0,0
BRDA:26,2,1,0
BRDA:43,3,0,0
BRDA:43,4,0,0
BRDA:48,5,0,0
BRDA:48,5,1,0
BRDA:49,6,0,0
BRDA:49,6,1,0
BRDA:56,7,0,0
BRDA:56,7,1,0
BRDA:68,8,0,0
BRDA:68,9,0,0
BRDA:69,10,0,0
BRDA:69,10,1,0
BRDA:75,11,0,0
BRDA:75,11,1,0
BRDA:75,12,0,0
BRDA:75,12,1,0
BRDA:83,13,0,0
BRDA:83,13,1,0
BRDA:95,14,0,0
BRDA:96,15,0,0
BRDA:97,16,0,0
BRDA:98,17,0,0
BRDA:99,18,0,0
BRDA:100,19,0,0
BRDA:106,20,0,0
BRDA:106,20,1,0
BRDA:106,21,0,0
BRDA:106,21,1,0
BRDA:111,22,0,0
BRDA:111,22,1,0
BRF:36
BRH:0
end_of_record
TN:
SF:js\auth.js
FN:1,getUsuarioActual
FN:10,esRolAdministrador
FN:14,esAdministrador
FN:18,getHomeByRole
FN:22,limpiarSesion
FN:33,verificarSesion
FN:45,sincronizarPerfilSeguro
FN:60,cerrarSesion
FN:65,pintarUsuario
FNF:9
FNH:0
FNDA:0,getUsuarioActual
FNDA:0,esRolAdministrador
FNDA:0,esAdministrador
FNDA:0,getHomeByRole
FNDA:0,limpiarSesion
FNDA:0,verificarSesion
FNDA:0,sincronizarPerfilSeguro
FNDA:0,cerrarSesion
FNDA:0,pintarUsuario
DA:2,0
DA:3,0
DA:5,0
DA:6,0
DA:11,0
DA:15,0
DA:19,0
DA:23,0
DA:24,0
DA:25,0
DA:27,0
DA:28,0
DA:29,0
DA:30,0
DA:34,0
DA:36,0
DA:37,0
DA:38,0
DA:39,0
DA:42,0
DA:46,0
DA:48,0
DA:49,0
DA:51,0
DA:52,0
DA:53,0
DA:54,0
DA:57,0
DA:61,0
DA:62,0
DA:66,0
DA:67,0
DA:69,0
DA:70,0
LF:34
LH:0
BRDA:3,0,0,0
BRDA:3,0,1,0
BRDA:3,0,2,0
BRDA:11,1,0,0
BRDA:11,1,1,0
BRDA:19,2,0,0
BRDA:19,2,1,0
BRDA:23,3,0,0
BRDA:23,3,1,0
BRDA:34,4,0,0
BRDA:34,4,1,0
BRDA:36,5,0,0
BRDA:36,5,1,0
BRDA:46,6,0,0
BRDA:46,6,1,0
BRDA:49,7,0,0
BRDA:49,7,1,0
BRDA:49,7,2,0
BRDA:49,7,3,0
BRDA:51,8,0,0
BRDA:51,8,1,0
BRDA:51,9,0,0
BRDA:51,9,1,0
BRDA:69,10,0,0
BRDA:69,10,1,0
BRDA:69,11,0,0
BRDA:69,11,1,0
BRDA:70,12,0,0
BRDA:70,12,1,0
BRF:29
BRH:0
end_of_record
TN:
SF:js\consultar_solicitudes.page.js
FN:1,(anonymous_0)
FN:17,valorVacio
FN:21,escapeHtml
FN:30,filaCarga
FN:34,statusClass
FN:42,buildRow
FN:57,renderPagination
FN:74,renderTable
FN:96,applyFilter
FN:106,(anonymous_9)
FN:118,(anonymous_10)
FN:124,cargarSolicitudes
FN:151,(anonymous_12)
FNF:13
FNH:0
FNDA:0,(anonymous_0)
FNDA:0,valorVacio
FNDA:0,escapeHtml
FNDA:0,filaCarga
FNDA:0,statusClass
FNDA:0,buildRow
FNDA:0,renderPagination
FNDA:0,renderTable
FNDA:0,applyFilter
FNDA:0,(anonymous_9)
FNDA:0,(anonymous_10)
FNDA:0,cargarSolicitudes
FNDA:0,(anonymous_12)
DA:1,0
DA:2,0
DA:4,0
DA:5,0
DA:6,0
DA:7,0
DA:8,0
DA:10,0
DA:18,0
DA:22,0
DA:31,0
DA:35,0
DA:36,0
DA:37,0
DA:38,0
DA:39,0
DA:43,0
DA:58,0
DA:59,0
DA:60,0
DA:63,0
DA:64,0
DA:66,0
DA:67,0
DA:70,0
DA:71,0
DA:75,0
DA:77,0
DA:78,0
DA:79,0
DA:80,0
DA:81,0
DA:84,0
DA:85,0
DA:87,0
DA:88,0
DA:89,0
DA:91,0
DA:92,0
DA:93,0
DA:97,0
DA:98,0
DA:100,0
DA:101,0
DA:102,0
DA:103,0
DA:106,0
DA:107,0
DA:118,0
DA:121,0
DA:125,0
DA:126,0
DA:127,0
DA:129,0
DA:130,0
DA:131,0
DA:132,0
DA:133,0
DA:134,0
DA:137,0
DA:138,0
DA:139,0
DA:141,0
DA:142,0
DA:143,0
DA:144,0
DA:145,0
DA:147,0
DA:151,0
DA:152,0
DA:153,0
DA:154,0
DA:155,0
DA:156,0
DA:157,0
DA:159,0
DA:160,0
DA:161,0
DA:162,0
DA:163,0
DA:167,0
DA:168,0
LF:82
LH:0
BRDA:2,0,0,0
BRDA:2,0,1,0
BRDA:18,1,0,0
BRDA:18,1,1,0
BRDA:18,2,0,0
BRDA:18,2,1,0
BRDA:35,3,0,0
BRDA:35,3,1,0
BRDA:36,4,0,0
BRDA:36,4,1,0
BRDA:37,5,0,0
BRDA:37,5,1,0
BRDA:38,6,0,0
BRDA:38,6,1,0
BRDA:49,7,0,0
BRDA:49,7,1,0
BRDA:50,8,0,0
BRDA:50,8,1,0
BRDA:58,9,0,0
BRDA:58,9,1,0
BRDA:64,10,0,0
BRDA:64,10,1,0
BRDA:67,11,0,0
BRDA:67,11,1,0
BRDA:70,12,0,0
BRDA:70,12,1,0
BRDA:77,13,0,0
BRDA:77,13,1,0
BRDA:85,14,0,0
BRDA:85,14,1,0
BRDA:97,15,0,0
BRDA:97,15,1,0
BRDA:100,16,0,0
BRDA:100,16,1,0
BRDA:118,17,0,0
BRDA:118,17,1,0
BRDA:130,18,0,0
BRDA:130,18,1,0
BRDA:132,19,0,0
BRDA:132,19,1,0
BRDA:133,20,0,0
BRDA:133,20,1,0
BRDA:137,21,0,0
BRDA:137,21,1,0
BRDA:145,22,0,0
BRDA:145,22,1,0
BRDA:147,23,0,0
BRDA:147,23,1,0
BRDA:154,24,0,0
BRDA:154,24,1,0
BRDA:159,25,0,0
BRDA:159,25,1,0
BRDA:161,26,0,0
BRDA:161,26,1,0
BRDA:161,27,0,0
BRDA:161,27,1,0
BRDA:162,28,0,0
BRDA:162,28,1,0
BRDA:162,29,0,0
BRDA:162,29,1,0
BRF:60
BRH:0
end_of_record
TN:
SF:js\crear_solicitud.page.js
FN:1,(anonymous_0)
FN:23,obtenerTextoOpcion
FN:28,mostrarMensaje
FN:33,limpiarMensaje
FN:38,resetSelect
FN:43,actualizarVistaSegunTipo
FN:62,llenarOrigen
FN:65,(anonymous_7)
FN:74,(anonymous_8)
FN:81,llenarDestino
FN:94,(anonymous_10)
FN:97,(anonymous_11)
FN:100,(anonymous_12)
FN:101,(anonymous_13)
FN:114,(anonymous_14)
FN:125,actualizarResumen
FN:137,cargarOpciones
FN:169,construirPayload
FN:187,guardarSolicitud
FN:221,(anonymous_19)
FN:227,(anonymous_20)
FNF:21
FNH:0
FNDA:0,(anonymous_0)
FNDA:0,obtenerTextoOpcion
FNDA:0,mostrarMensaje
FNDA:0,limpiarMensaje
FNDA:0,resetSelect
FNDA:0,actualizarVistaSegunTipo
FNDA:0,llenarOrigen
FNDA:0,(anonymous_7)
FNDA:0,(anonymous_8)
FNDA:0,llenarDestino
FNDA:0,(anonymous_10)
FNDA:0,(anonymous_11)
FNDA:0,(anonymous_12)
FNDA:0,(anonymous_13)
FNDA:0,(anonymous_14)
FNDA:0,actualizarResumen
FNDA:0,cargarOpciones
FNDA:0,construirPayload
FNDA:0,guardarSolicitud
FNDA:0,(anonymous_19)
FNDA:0,(anonymous_20)
DA:1,0
DA:2,0
DA:3,0
DA:6,0
DA:7,0
DA:9,0
DA:10,0
DA:11,0
DA:12,0
DA:13,0
DA:14,0
DA:15,0
DA:16,0
DA:18,0
DA:19,0
DA:20,0
DA:21,0
DA:24,0
DA:25,0
DA:29,0
DA:30,0
DA:34,0
DA:35,0
DA:39,0
DA:40,0
DA:44,0
DA:46,0
DA:47,0
DA:48,0
DA:49,0
DA:51,0
DA:52,0
DA:53,0
DA:54,0
DA:55,0
DA:56,0
DA:59,0
DA:63,0
DA:65,0
DA:66,0
DA:67,0
DA:68,0
DA:69,0
DA:72,0
DA:73,0
DA:74,0
DA:75,0
DA:76,0
DA:82,0
DA:83,0
DA:85,0
DA:86,0
DA:87,0
DA:89,0
DA:91,0
DA:94,0
DA:95,0
DA:97,0
DA:98,0
DA:100,0
DA:101,0
DA:102,0
DA:103,0
DA:104,0
DA:108,0
DA:109,0
DA:110,0
DA:111,0
DA:114,0
DA:115,0
DA:116,0
DA:117,0
DA:118,0
DA:121,0
DA:122,0
DA:126,0
DA:127,0
DA:128,0
DA:130,0
DA:138,0
DA:140,0
DA:141,0
DA:142,0
DA:144,0
DA:145,0
DA:146,0
DA:149,0
DA:150,0
DA:152,0
DA:154,0
DA:155,0
DA:158,0
DA:159,0
DA:161,0
DA:162,0
DA:163,0
DA:165,0
DA:170,0
DA:172,0
DA:173,0
DA:174,0
DA:175,0
DA:178,0
DA:179,0
DA:180,0
DA:181,0
DA:184,0
DA:188,0
DA:189,0
DA:191,0
DA:193,0
DA:194,0
DA:195,0
DA:197,0
DA:198,0
DA:199,0
DA:202,0
DA:203,0
DA:204,0
DA:205,0
DA:206,0
DA:207,0
DA:208,0
DA:209,0
DA:210,0
DA:211,0
DA:213,0
DA:214,0
DA:215,0
DA:217,0
DA:221,0
DA:222,0
DA:223,0
DA:224,0
DA:227,0
DA:228,0
DA:229,0
DA:232,0
DA:233,0
DA:235,0
LF:140
LH:0
BRDA:2,0,0,0
BRDA:2,0,1,0
BRDA:25,1,0,0
BRDA:25,1,1,0
BRDA:38,2,0,0
BRDA:51,3,0,0
BRDA:51,3,1,0
BRDA:54,4,0,0
BRDA:54,4,1,0
BRDA:72,5,0,0
BRDA:72,5,1,0
BRDA:72,6,0,0
BRDA:72,6,1,0
BRDA:75,7,0,0
BRDA:75,7,1,0
BRDA:85,8,0,0
BRDA:85,8,1,0
BRDA:86,9,0,0
BRDA:86,9,1,0
BRDA:87,10,0,0
BRDA:87,10,1,0
BRDA:91,11,0,0
BRDA:91,11,1,0
BRDA:94,12,0,0
BRDA:94,12,1,0
BRDA:95,13,0,0
BRDA:95,13,1,0
BRDA:98,14,0,0
BRDA:98,14,1,0
BRDA:103,15,0,0
BRDA:103,15,1,0
BRDA:104,16,0,0
BRDA:104,16,1,0
BRDA:108,17,0,0
BRDA:108,17,1,0
BRDA:126,18,0,0
BRDA:126,18,1,0
BRDA:127,19,0,0
BRDA:127,19,1,0
BRDA:127,20,0,0
BRDA:127,20,1,0
BRDA:128,21,0,0
BRDA:128,21,1,0
BRDA:128,22,0,0
BRDA:128,22,1,0
BRDA:141,23,0,0
BRDA:141,23,1,0
BRDA:144,24,0,0
BRDA:144,24,1,0
BRDA:145,25,0,0
BRDA:145,25,1,0
BRDA:149,26,0,0
BRDA:149,26,1,0
BRDA:150,27,0,0
BRDA:150,27,1,0
BRDA:154,28,0,0
BRDA:154,28,1,0
BRDA:163,29,0,0
BRDA:163,29,1,0
BRDA:165,30,0,0
BRDA:165,30,1,0
BRDA:172,31,0,0
BRDA:172,31,1,0
BRDA:172,32,0,0
BRDA:172,32,1,0
BRDA:178,33,0,0
BRDA:178,33,1,0
BRDA:178,34,0,0
BRDA:178,34,1,0
BRDA:194,35,0,0
BRDA:194,35,1,0
BRDA:197,36,0,0
BRDA:197,36,1,0
BRDA:198,37,0,0
BRDA:198,37,1,0
BRDA:202,38,0,0
BRDA:202,38,1,0
BRDA:204,39,0,0
BRDA:204,39,1,0
BRDA:204,40,0,0
BRDA:204,40,1,0
BRDA:215,41,0,0
BRDA:215,41,1,0
BRDA:217,42,0,0
BRDA:217,42,1,0
BRF:85
BRH:0
end_of_record
TN:
SF:js\dashboard.js
FN:1,(anonymous_0)
FN:12,getUsuario
FN:20,parseBlocks
FN:24,(anonymous_3)
FN:26,(anonymous_4)
FN:40,normalizeDay
FN:53,pad
FN:57,currentAcademicDay
FN:62,currentTimeString
FN:66,formatHumanDate
FN:75,buildScheduleEntries
FN:76,(anonymous_11)
FN:76,(anonymous_12)
FN:83,compareTimes
FN:87,statusForEntry
FN:96,getCurrentAndNext
FN:99,(anonymous_16)
FN:99,(anonymous_17)
FN:101,(anonymous_18)
FN:102,(anonymous_19)
FN:107,statusBadge
FN:111,renderGreeting
FN:150,renderOverview
FN:151,(anonymous_23)
FN:152,(anonymous_24)
FN:167,renderSummary
FN:172,(anonymous_26)
FN:195,(anonymous_27)
FN:204,renderWeek
FN:227,(anonymous_29)
FN:228,(anonymous_30)
FN:239,(anonymous_31)
FN:254,renderWeekBars
FN:261,(anonymous_33)
FN:261,(anonymous_34)
FN:263,(anonymous_35)
FN:278,renderTodayStack
FN:292,(anonymous_37)
FN:322,timelineEvent
FN:326,renderTimeline
FN:331,(anonymous_40)
FN:340,(anonymous_41)
FN:351,(anonymous_42)
FN:359,(anonymous_43)
FN:370,initDashboard
FN:381,(anonymous_45)
FNF:46
FNH:0
FNDA:0,(anonymous_0)
FNDA:0,getUsuario
FNDA:0,parseBlocks
FNDA:0,(anonymous_3)
FNDA:0,(anonymous_4)
FNDA:0,normalizeDay
FNDA:0,pad
FNDA:0,currentAcademicDay
FNDA:0,currentTimeString
FNDA:0,formatHumanDate
FNDA:0,buildScheduleEntries
FNDA:0,(anonymous_11)
FNDA:0,(anonymous_12)
FNDA:0,compareTimes
FNDA:0,statusForEntry
FNDA:0,getCurrentAndNext
FNDA:0,(anonymous_16)
FNDA:0,(anonymous_17)
FNDA:0,(anonymous_18)
FNDA:0,(anonymous_19)
FNDA:0,statusBadge
FNDA:0,renderGreeting
FNDA:0,renderOverview
FNDA:0,(anonymous_23)
FNDA:0,(anonymous_24)
FNDA:0,renderSummary
FNDA:0,(anonymous_26)
FNDA:0,(anonymous_27)
FNDA:0,renderWeek
FNDA:0,(anonymous_29)
FNDA:0,(anonymous_30)
FNDA:0,(anonymous_31)
FNDA:0,renderWeekBars
FNDA:0,(anonymous_33)
FNDA:0,(anonymous_34)
FNDA:0,(anonymous_35)
FNDA:0,renderTodayStack
FNDA:0,(anonymous_37)
FNDA:0,timelineEvent
FNDA:0,renderTimeline
FNDA:0,(anonymous_40)
FNDA:0,(anonymous_41)
FNDA:0,(anonymous_42)
FNDA:0,(anonymous_43)
FNDA:0,initDashboard
FNDA:0,(anonymous_45)
DA:1,0
DA:2,0
DA:3,0
DA:13,0
DA:14,0
DA:16,0
DA:21,0
DA:22,0
DA:24,0
DA:27,0
DA:28,0
DA:29,0
DA:41,0
DA:42,0
DA:43,0
DA:50,0
DA:54,0
DA:58,0
DA:59,0
DA:63,0
DA:67,0
DA:76,0
DA:77,0
DA:78,0
DA:79,0
DA:84,0
DA:88,0
DA:89,0
DA:90,0
DA:91,0
DA:92,0
DA:93,0
DA:97,0
DA:98,0
DA:99,0
DA:101,0
DA:102,0
DA:104,0
DA:108,0
DA:112,0
DA:113,0
DA:114,0
DA:115,0
DA:117,0
DA:118,0
DA:119,0
DA:120,0
DA:121,0
DA:122,0
DA:124,0
DA:125,0
DA:126,0
DA:132,0
DA:133,0
DA:139,0
DA:140,0
DA:146,0
DA:147,0
DA:151,0
DA:152,0
DA:153,0
DA:155,0
DA:156,0
DA:157,0
DA:159,0
DA:160,0
DA:161,0
DA:162,0
DA:164,0
DA:168,0
DA:169,0
DA:170,0
DA:171,0
DA:172,0
DA:174,0
DA:195,0
DA:205,0
DA:206,0
DA:207,0
DA:208,0
DA:209,0
DA:211,0
DA:212,0
DA:213,0
DA:214,0
DA:215,0
DA:221,0
DA:224,0
DA:226,0
DA:227,0
DA:228,0
DA:229,0
DA:239,0
DA:255,0
DA:256,0
DA:257,0
DA:258,0
DA:259,0
DA:261,0
DA:262,0
DA:263,0
DA:264,0
DA:265,0
DA:266,0
DA:279,0
DA:280,0
DA:281,0
DA:282,0
DA:283,0
DA:289,0
DA:292,0
DA:293,0
DA:294,0
DA:299,0
DA:313,0
DA:314,0
DA:315,0
DA:316,0
DA:317,0
DA:318,0
DA:323,0
DA:327,0
DA:328,0
DA:329,0
DA:331,0
DA:332,0
DA:340,0
DA:341,0
DA:342,0
DA:343,0
DA:351,0
DA:352,0
DA:354,0
DA:355,0
DA:356,0
DA:359,0
DA:371,0
DA:372,0
DA:373,0
DA:374,0
DA:375,0
DA:376,0
DA:378,0
DA:379,0
DA:381,0
DA:387,0
DA:388,0
DA:391,0
DA:392,0
DA:393,0
DA:394,0
DA:395,0
DA:396,0
DA:397,0
DA:398,0
DA:399,0
DA:401,0
DA:402,0
DA:403,0
DA:408,0
DA:409,0
DA:411,0
DA:413,0
DA:417,0
LF:164
LH:0
BRDA:14,0,0,0
BRDA:14,0,1,0
BRDA:21,1,0,0
BRDA:21,1,1,0
BRDA:28,2,0,0
BRDA:28,2,1,0
BRDA:41,3,0,0
BRDA:41,3,1,0
BRDA:42,4,0,0
BRDA:42,4,1,0
BRDA:50,5,0,0
BRDA:50,5,1,0
BRDA:57,6,0,0
BRDA:62,7,0,0
BRDA:66,8,0,0
BRDA:78,9,0,0
BRDA:78,9,1,0
BRDA:87,10,0,0
BRDA:89,11,0,0
BRDA:89,11,1,0
BRDA:91,12,0,0
BRDA:91,12,1,0
BRDA:91,13,0,0
BRDA:91,13,1,0
BRDA:92,14,0,0
BRDA:92,14,1,0
BRDA:96,15,0,0
BRDA:101,16,0,0
BRDA:101,16,1,0
BRDA:101,17,0,0
BRDA:101,17,1,0
BRDA:102,18,0,0
BRDA:102,18,1,0
BRDA:111,19,0,0
BRDA:113,20,0,0
BRDA:113,20,1,0
BRDA:114,21,0,0
BRDA:114,21,1,0
BRDA:114,22,0,0
BRDA:114,22,1,0
BRDA:124,23,0,0
BRDA:124,23,1,0
BRDA:125,24,0,0
BRDA:125,24,1,0
BRDA:126,25,0,0
BRDA:126,25,1,0
BRDA:127,26,0,0
BRDA:127,26,1,0
BRDA:127,27,0,0
BRDA:127,27,1,0
BRDA:128,28,0,0
BRDA:128,28,1,0
BRDA:129,29,0,0
BRDA:129,29,1,0
BRDA:129,30,0,0
BRDA:129,30,1,0
BRDA:132,31,0,0
BRDA:132,31,1,0
BRDA:133,32,0,0
BRDA:133,32,1,0
BRDA:135,33,0,0
BRDA:135,33,1,0
BRDA:139,34,0,0
BRDA:139,34,1,0
BRDA:140,35,0,0
BRDA:140,35,1,0
BRDA:142,36,0,0
BRDA:142,36,1,0
BRDA:146,37,0,0
BRDA:146,37,1,0
BRDA:147,38,0,0
BRDA:147,38,1,0
BRDA:150,39,0,0
BRDA:152,40,0,0
BRDA:152,40,1,0
BRDA:161,41,0,0
BRDA:161,41,1,0
BRDA:161,42,0,0
BRDA:161,42,1,0
BRDA:162,43,0,0
BRDA:162,43,1,0
BRDA:162,44,0,0
BRDA:162,44,1,0
BRDA:169,45,0,0
BRDA:169,45,1,0
BRDA:177,46,0,0
BRDA:177,46,1,0
BRDA:178,47,0,0
BRDA:178,47,1,0
BRDA:183,48,0,0
BRDA:183,48,1,0
BRDA:184,49,0,0
BRDA:184,49,1,0
BRDA:189,50,0,0
BRDA:189,50,1,0
BRDA:190,51,0,0
BRDA:190,51,1,0
BRDA:190,52,0,0
BRDA:190,52,1,0
BRDA:208,53,0,0
BRDA:208,53,1,0
BRDA:209,54,0,0
BRDA:209,54,1,0
BRDA:211,55,0,0
BRDA:211,55,1,0
BRDA:213,56,0,0
BRDA:213,56,1,0
BRDA:224,57,0,0
BRDA:224,57,1,0
BRDA:230,58,0,0
BRDA:230,58,1,0
BRDA:236,59,0,0
BRDA:236,59,1,0
BRDA:239,60,0,0
BRDA:239,60,1,0
BRDA:240,61,0,0
BRDA:240,61,1,0
BRDA:256,62,0,0
BRDA:256,62,1,0
BRDA:257,63,0,0
BRDA:257,63,1,0
BRDA:280,64,0,0
BRDA:280,64,1,0
BRDA:282,65,0,0
BRDA:282,65,1,0
BRDA:294,66,0,0
BRDA:294,66,1,0
BRDA:296,67,0,0
BRDA:296,67,1,0
BRDA:300,68,0,0
BRDA:300,68,1,0
BRDA:313,69,0,0
BRDA:313,69,1,0
BRDA:313,70,0,0
BRDA:313,70,1,0
BRDA:316,71,0,0
BRDA:316,71,1,0
BRDA:316,72,0,0
BRDA:316,72,1,0
BRDA:317,73,0,0
BRDA:317,73,1,0
BRDA:317,74,0,0
BRDA:317,74,1,0
BRDA:318,75,0,0
BRDA:318,75,1,0
BRDA:318,76,0,0
BRDA:318,76,1,0
BRDA:318,76,2,0
BRDA:328,77,0,0
BRDA:328,77,1,0
BRDA:336,78,0,0
BRDA:336,78,1,0
BRDA:341,79,0,0
BRDA:341,79,1,0
BRDA:342,80,0,0
BRDA:342,80,1,0
BRDA:342,81,0,0
BRDA:342,81,1,0
BRDA:345,82,0,0
BRDA:345,82,1,0
BRDA:347,83,0,0
BRDA:347,83,1,0
BRDA:354,84,0,0
BRDA:354,84,1,0
BRDA:374,85,0,0
BRDA:374,85,1,0
BRDA:375,86,0,0
BRDA:375,86,1,0
BRDA:376,87,0,0
BRDA:376,87,1,0
BRDA:379,88,0,0
BRDA:379,88,1,0
BRDA:387,89,0,0
BRDA:387,89,1,0
BRDA:388,90,0,0
BRDA:388,90,1,0
BRDA:391,91,0,0
BRDA:391,91,1,0
BRDA:392,92,0,0
BRDA:392,92,1,0
BRDA:401,93,0,0
BRDA:401,93,1,0
BRDA:409,94,0,0
BRDA:409,94,1,0
BRDA:411,95,0,0
BRDA:411,95,1,0
BRDA:411,96,0,0
BRDA:411,96,1,0
BRDA:413,97,0,0
BRDA:413,97,1,0
BRF:190
BRH:0
end_of_record
TN:
SF:js\login.js
FN:1,(anonymous_0)
FN:5,showMessage
FN:13,(anonymous_2)
FN:47,(anonymous_3)
FNF:4
FNH:0
FNDA:0,(anonymous_0)
FNDA:0,showMessage
FNDA:0,(anonymous_2)
FNDA:0,(anonymous_3)
DA:1,0
DA:2,0
DA:3,0
DA:6,0
DA:7,0
DA:8,0
DA:9,0
DA:13,0
DA:14,0
DA:15,0
DA:17,0
DA:18,0
DA:20,0
DA:21,0
DA:22,0
DA:25,0
DA:26,0
DA:27,0
DA:30,0
DA:31,0
DA:32,0
DA:34,0
DA:35,0
DA:36,0
DA:39,0
DA:40,0
DA:42,0
DA:43,0
DA:45,0
DA:47,0
DA:48,0
DA:51,0
DA:52,0
DA:54,0
LF:34
LH:0
BRDA:8,0,0,0
BRDA:8,0,1,0
BRDA:8,1,0,0
BRDA:8,1,1,0
BRDA:8,1,2,0
BRDA:20,2,0,0
BRDA:20,2,1,0
BRDA:20,3,0,0
BRDA:20,3,1,0
BRDA:25,4,0,0
BRDA:25,4,1,0
BRDA:31,5,0,0
BRDA:31,5,1,0
BRDA:34,6,0,0
BRDA:34,6,1,0
BRDA:35,7,0,0
BRDA:35,7,1,0
BRDA:39,8,0,0
BRDA:39,8,1,0
BRDA:48,9,0,0
BRDA:48,9,1,0
BRDA:52,10,0,0
BRDA:52,10,1,0
BRDA:54,11,0,0
BRDA:54,11,1,0
BRF:25
BRH:0
end_of_record
TN:
SF:js\materias.js
FN:1,(anonymous_0)
FN:5,(anonymous_1)
FN:21,cargarMaterias
FN:44,(anonymous_3)
FN:70,matricular
FN:104,escapeHtml
FNF:6
FNH:0
FNDA:0,(anonymous_0)
FNDA:0,(anonymous_1)
FNDA:0,cargarMaterias
FNDA:0,(anonymous_3)
FNDA:0,matricular
FNDA:0,escapeHtml
DA:1,0
DA:2,0
DA:4,0
DA:5,0
DA:6,0
DA:7,0
DA:9,0
DA:10,0
DA:12,0
DA:13,0
DA:18,0
DA:22,0
DA:24,0
DA:26,0
DA:28,0
DA:29,0
DA:30,0
DA:32,0
DA:33,0
DA:34,0
DA:37,0
DA:38,0
DA:39,0
DA:42,0
DA:44,0
DA:45,0
DA:46,0
DA:47,0
DA:48,0
DA:58,0
DA:61,0
DA:62,0
DA:63,0
DA:65,0
DA:66,0
DA:71,0
DA:79,0
DA:81,0
DA:82,0
DA:83,0
DA:84,0
DA:87,0
DA:88,0
DA:89,0
DA:90,0
DA:91,0
DA:93,0
DA:94,0
DA:96,0
DA:97,0
DA:98,0
DA:99,0
DA:105,0
LF:53
LH:0
BRDA:4,0,0,0
BRDA:4,0,1,0
BRDA:7,1,0,0
BRDA:7,1,1,0
BRDA:9,2,0,0
BRDA:9,2,1,0
BRDA:10,3,0,0
BRDA:10,3,1,0
BRDA:12,4,0,0
BRDA:12,4,1,0
BRDA:24,5,0,0
BRDA:24,5,1,0
BRDA:29,6,0,0
BRDA:29,6,1,0
BRDA:32,7,0,0
BRDA:32,7,1,0
BRDA:33,8,0,0
BRDA:33,8,1,0
BRDA:37,9,0,0
BRDA:37,9,1,0
BRDA:37,10,0,0
BRDA:37,10,1,0
BRDA:46,11,0,0
BRDA:46,11,1,0
BRDA:47,12,0,0
BRDA:47,12,1,0
BRDA:50,13,0,0
BRDA:50,13,1,0
BRDA:52,14,0,0
BRDA:52,14,1,0
BRDA:55,15,0,0
BRDA:55,15,1,0
BRDA:62,16,0,0
BRDA:62,16,1,0
BRDA:63,17,0,0
BRDA:63,17,1,0
BRDA:63,18,0,0
BRDA:63,18,1,0
BRDA:65,19,0,0
BRDA:65,19,1,0
BRDA:66,20,0,0
BRDA:66,20,1,0
BRDA:71,21,0,0
BRDA:71,21,1,0
BRDA:79,22,0,0
BRDA:79,22,1,0
BRDA:82,23,0,0
BRDA:82,23,1,0
BRDA:88,24,0,0
BRDA:88,24,1,0
BRDA:90,25,0,0
BRDA:90,25,1,0
BRDA:90,26,0,0
BRDA:90,26,1,0
BRDA:90,27,0,0
BRDA:90,27,1,0
BRDA:90,28,0,0
BRDA:90,28,1,0
BRDA:91,29,0,0
BRDA:91,29,1,0
BRDA:94,30,0,0
BRDA:94,30,1,0
BRDA:94,31,0,0
BRDA:94,31,1,0
BRDA:96,32,0,0
BRDA:96,32,1,0
BRDA:97,33,0,0
BRDA:97,33,1,0
BRDA:99,34,0,0
BRDA:99,34,1,0
BRF:70
BRH:0
end_of_record
TN:
SF:js\mis_materias.page.js
FN:1,(anonymous_0)
FN:7,irConSolicitudPrellenada
FN:17,showMessage
FN:22,clearMessage
FN:27,procesarCancelacionDirecta
FN:65,escapeHtml
FN:74,renderTabla
FN:75,(anonymous_7)
FN:118,cargarMisMaterias
FN:148,(anonymous_9)
FNF:10
FNH:0
FNDA:0,(anonymous_0)
FNDA:0,irConSolicitudPrellenada
FNDA:0,showMessage
FNDA:0,clearMessage
FNDA:0,procesarCancelacionDirecta
FNDA:0,escapeHtml
FNDA:0,renderTabla
FNDA:0,(anonymous_7)
FNDA:0,cargarMisMaterias
FNDA:0,(anonymous_9)
DA:1,0
DA:2,0
DA:4,0
DA:5,0
DA:8,0
DA:14,0
DA:18,0
DA:19,0
DA:23,0
DA:24,0
DA:28,0
DA:36,0
DA:38,0
DA:39,0
DA:40,0
DA:41,0
DA:44,0
DA:45,0
DA:46,0
DA:47,0
DA:48,0
DA:49,0
DA:50,0
DA:52,0
DA:53,0
DA:54,0
DA:55,0
DA:57,0
DA:58,0
DA:59,0
DA:60,0
DA:66,0
DA:75,0
DA:76,0
DA:81,0
DA:99,0
DA:119,0
DA:120,0
DA:122,0
DA:123,0
DA:124,0
DA:126,0
DA:127,0
DA:128,0
DA:131,0
DA:133,0
DA:134,0
DA:135,0
DA:138,0
DA:140,0
DA:141,0
DA:142,0
DA:144,0
DA:148,0
DA:149,0
DA:150,0
DA:152,0
DA:153,0
DA:155,0
DA:156,0
DA:157,0
DA:160,0
DA:163,0
LF:63
LH:0
BRDA:2,0,0,0
BRDA:2,0,1,0
BRDA:28,1,0,0
BRDA:28,1,1,0
BRDA:36,2,0,0
BRDA:36,2,1,0
BRDA:39,3,0,0
BRDA:39,3,1,0
BRDA:45,4,0,0
BRDA:45,4,1,0
BRDA:47,5,0,0
BRDA:47,5,1,0
BRDA:47,6,0,0
BRDA:47,6,1,0
BRDA:48,7,0,0
BRDA:48,7,1,0
BRDA:49,8,0,0
BRDA:49,8,1,0
BRDA:49,9,0,0
BRDA:49,9,1,0
BRDA:50,10,0,0
BRDA:50,10,1,0
BRDA:53,11,0,0
BRDA:53,11,1,0
BRDA:55,12,0,0
BRDA:55,12,1,0
BRDA:57,13,0,0
BRDA:57,13,1,0
BRDA:58,14,0,0
BRDA:58,14,1,0
BRDA:60,15,0,0
BRDA:60,15,1,0
BRDA:66,16,0,0
BRDA:66,16,1,0
BRDA:85,17,0,0
BRDA:85,17,1,0
BRDA:123,18,0,0
BRDA:123,18,1,0
BRDA:126,19,0,0
BRDA:126,19,1,0
BRDA:127,20,0,0
BRDA:127,20,1,0
BRDA:131,21,0,0
BRDA:131,21,1,0
BRDA:133,22,0,0
BRDA:133,22,1,0
BRDA:142,23,0,0
BRDA:142,23,1,0
BRDA:144,24,0,0
BRDA:144,24,1,0
BRDA:150,25,0,0
BRDA:150,25,1,0
BRDA:155,26,0,0
BRDA:155,26,1,0
BRF:54
BRH:0
end_of_record
TN:
SF:js\olvidaste_password.js
FN:1,(anonymous_0)
FN:5,showMessage
FN:13,(anonymous_2)
FNF:3
FNH:0
FNDA:0,(anonymous_0)
FNDA:0,showMessage
FNDA:0,(anonymous_2)
DA:1,0
DA:2,0
DA:3,0
DA:6,0
DA:7,0
DA:8,0
DA:9,0
DA:13,0
DA:14,0
DA:15,0
DA:17,0
DA:19,0
DA:20,0
DA:21,0
DA:24,0
DA:25,0
DA:26,0
DA:29,0
DA:30,0
DA:31,0
DA:32,0
DA:33,0
DA:35,0
DA:37,0
LF:24
LH:0
BRDA:8,0,0,0
BRDA:8,0,1,0
BRDA:8,1,0,0
BRDA:8,1,1,0
BRDA:9,2,0,0
BRDA:9,2,1,0
BRDA:19,3,0,0
BRDA:19,3,1,0
BRDA:24,4,0,0
BRDA:24,4,1,0
BRDA:30,5,0,0
BRDA:30,5,1,0
BRDA:32,6,0,0
BRDA:32,6,1,0
BRDA:35,7,0,0
BRDA:35,7,1,0
BRDA:37,8,0,0
BRDA:37,8,1,0
BRF:18
BRH:0
end_of_record
TN:
SF:js\recuperar_password.js
FN:1,(anonymous_0)
FN:7,showMessage
FN:15,passwordValida
FN:24,(anonymous_3)
FN:51,(anonymous_4)
FNF:5
FNH:0
FNDA:0,(anonymous_0)
FNDA:0,showMessage
FNDA:0,passwordValida
FNDA:0,(anonymous_3)
FNDA:0,(anonymous_4)
DA:1,0
DA:2,0
DA:3,0
DA:4,0
DA:5,0
DA:8,0
DA:9,0
DA:10,0
DA:11,0
DA:16,0
DA:19,0
DA:20,0
DA:21,0
DA:24,0
DA:25,0
DA:26,0
DA:28,0
DA:29,0
DA:31,0
DA:32,0
DA:33,0
DA:36,0
DA:37,0
DA:38,0
DA:41,0
DA:42,0
DA:43,0
DA:46,0
DA:47,0
DA:48,0
DA:49,0
DA:50,0
DA:51,0
DA:53,0
DA:55,0
LF:35
LH:0
BRDA:5,0,0,0
BRDA:5,0,1,0
BRDA:10,1,0,0
BRDA:10,1,1,0
BRDA:10,2,0,0
BRDA:10,2,1,0
BRDA:11,3,0,0
BRDA:11,3,1,0
BRDA:16,4,0,0
BRDA:16,4,1,0
BRDA:16,4,2,0
BRDA:16,4,3,0
BRDA:19,5,0,0
BRDA:19,5,1,0
BRDA:31,6,0,0
BRDA:31,6,1,0
BRDA:31,7,0,0
BRDA:31,7,1,0
BRDA:36,8,0,0
BRDA:36,8,1,0
BRDA:41,9,0,0
BRDA:41,9,1,0
BRDA:47,10,0,0
BRDA:47,10,1,0
BRDA:49,11,0,0
BRDA:49,11,1,0
BRDA:53,12,0,0
BRDA:53,12,1,0
BRDA:55,13,0,0
BRDA:55,13,1,0
BRF:30
BRH:0
end_of_record
TN:
SF:js\turnos.page.js
FN:1,(anonymous_0)
FN:14,escapeHtml
FN:15,(anonymous_2)
FN:18,statusClass
FN:25,showMessage
FN:30,renderTurnoResult
FN:52,renderTable
FN:58,(anonymous_7)
FN:68,cargarPerfil
FN:95,cargarTurnos
FN:107,(anonymous_10)
FNF:11
FNH:0
FNDA:0,(anonymous_0)
FNDA:0,escapeHtml
FNDA:0,(anonymous_2)
FNDA:0,statusClass
FNDA:0,showMessage
FNDA:0,renderTurnoResult
FNDA:0,renderTable
FNDA:0,(anonymous_7)
FNDA:0,cargarPerfil
FNDA:0,cargarTurnos
FNDA:0,(anonymous_10)
DA:1,0
DA:2,0
DA:4,0
DA:5,0
DA:6,0
DA:7,0
DA:8,0
DA:9,0
DA:10,0
DA:11,0
DA:12,0
DA:15,0
DA:19,0
DA:20,0
DA:21,0
DA:22,0
DA:26,0
DA:27,0
DA:31,0
DA:32,0
DA:33,0
DA:36,0
DA:53,0
DA:54,0
DA:55,0
DA:58,0
DA:69,0
DA:70,0
DA:71,0
DA:72,0
DA:73,0
DA:75,0
DA:76,0
DA:77,0
DA:78,0
DA:79,0
DA:80,0
DA:81,0
DA:83,0
DA:91,0
DA:96,0
DA:97,0
DA:98,0
DA:99,0
DA:100,0
DA:102,0
DA:103,0
DA:107,0
DA:108,0
DA:109,0
DA:111,0
DA:112,0
DA:113,0
DA:114,0
DA:117,0
DA:118,0
DA:119,0
DA:120,0
DA:121,0
DA:122,0
DA:125,0
DA:126,0
DA:127,0
DA:128,0
DA:130,0
DA:131,0
DA:133,0
DA:137,0
DA:138,0
LF:69
LH:0
BRDA:2,0,0,0
BRDA:2,0,1,0
BRDA:15,1,0,0
BRDA:15,1,1,0
BRDA:15,2,0,0
BRDA:15,2,1,0
BRDA:19,3,0,0
BRDA:19,3,1,0
BRDA:20,4,0,0
BRDA:20,4,1,0
BRDA:21,5,0,0
BRDA:21,5,1,0
BRDA:25,6,0,0
BRDA:27,7,0,0
BRDA:27,7,1,0
BRDA:31,8,0,0
BRDA:31,8,1,0
BRDA:40,9,0,0
BRDA:40,9,1,0
BRDA:41,10,0,0
BRDA:41,10,1,0
BRDA:53,11,0,0
BRDA:53,11,1,0
BRDA:69,12,0,0
BRDA:69,12,1,0
BRDA:70,13,0,0
BRDA:70,13,1,0
BRDA:71,14,0,0
BRDA:71,14,1,0
BRDA:72,15,0,0
BRDA:72,15,1,0
BRDA:77,16,0,0
BRDA:77,16,1,0
BRDA:77,17,0,0
BRDA:77,17,1,0
BRDA:78,18,0,0
BRDA:78,18,1,0
BRDA:79,19,0,0
BRDA:79,19,1,0
BRDA:80,20,0,0
BRDA:80,20,1,0
BRDA:81,21,0,0
BRDA:81,21,1,0
BRDA:85,22,0,0
BRDA:85,22,1,0
BRDA:86,23,0,0
BRDA:86,23,1,0
BRDA:87,24,0,0
BRDA:87,24,1,0
BRDA:98,25,0,0
BRDA:98,25,1,0
BRDA:100,26,0,0
BRDA:100,26,1,0
BRDA:112,27,0,0
BRDA:112,27,1,0
BRDA:118,28,0,0
BRDA:118,28,1,0
BRDA:120,29,0,0
BRDA:120,29,1,0
BRDA:121,30,0,0
BRDA:121,30,1,0
BRDA:125,31,0,0
BRDA:125,31,1,0
BRDA:126,32,0,0
BRDA:126,32,1,0
BRDA:131,33,0,0
BRDA:131,33,1,0
BRDA:133,34,0,0
BRDA:133,34,1,0
BRF:69
BRH:0
end_of_record
